2023-09-04 18:22:58,628 INFO o.a.j.u.JMeterUtils: Setting Locale to en_IN
2023-09-04 18:22:58,644 INFO o.a.j.JMeter: Loading user properties from: user.properties
2023-09-04 18:22:58,644 INFO o.a.j.JMeter: Loading system properties from: system.properties
2023-09-04 18:22:58,644 INFO o.a.j.JMeter: Loading additional properties from: D:\apache-jmeter-5.4.1\apache-jmeter-5.4.1\bin\user.properties
2023-09-04 18:22:58,644 INFO o.a.j.JMeter: Copyright (c) 1998-2021 The Apache Software Foundation
2023-09-04 18:22:58,644 INFO o.a.j.JMeter: Version 5.4.1
2023-09-04 18:22:58,644 INFO o.a.j.JMeter: java.version=17.0.7
2023-09-04 18:22:58,644 INFO o.a.j.JMeter: java.vm.name=Java HotSpot(TM) 64-Bit Server VM
2023-09-04 18:22:58,644 INFO o.a.j.JMeter: os.name=Windows 11
2023-09-04 18:22:58,644 INFO o.a.j.JMeter: os.arch=amd64
2023-09-04 18:22:58,644 INFO o.a.j.JMeter: os.version=10.0
2023-09-04 18:22:58,644 INFO o.a.j.JMeter: file.encoding=Cp1252
2023-09-04 18:22:58,644 INFO o.a.j.JMeter: java.awt.headless=true
2023-09-04 18:22:58,644 INFO o.a.j.JMeter: Max memory     =4204789760
2023-09-04 18:22:58,644 INFO o.a.j.JMeter: Available Processors =8
2023-09-04 18:22:58,660 INFO o.a.j.JMeter: Default Locale=English (India)
2023-09-04 18:22:58,660 INFO o.a.j.JMeter: JMeter  Locale=English (India)
2023-09-04 18:22:58,660 INFO o.a.j.JMeter: JMeterHome=D:\apache-jmeter-5.4.1\apache-jmeter-5.4.1
2023-09-04 18:22:58,660 INFO o.a.j.JMeter: user.dir  =D:\apache-jmeter-5.4.1\apache-jmeter-5.4.1\bin
2023-09-04 18:22:58,660 INFO o.a.j.JMeter: PWD       =D:\apache-jmeter-5.4.1\apache-jmeter-5.4.1\bin
2023-09-04 18:22:58,660 INFO o.a.j.JMeter: IP: 10.2.10.176 Name: MTLP-2861 FullName: MTLP-2861.in.mouritech.net
2023-09-04 18:22:58,660 INFO o.a.j.JMeter: Setting property 'jmeter.reportgenerator.outputdir' to:'D:\Tally_Group\HTML'
2023-09-04 18:22:58,660 INFO o.a.j.r.d.ReportGenerator: ReportGenerator will use for Parsing the separator: ','
2023-09-04 18:22:58,660 INFO o.a.j.r.d.ReportGenerator: Will only generate report from results file: C:\Users\solomonk\Downloads\2023_09_01_AggregateReport1.jtl
2023-09-04 18:22:58,660 INFO o.a.j.r.d.ReportGenerator: Reading report generator properties from: D:\apache-jmeter-5.4.1\apache-jmeter-5.4.1\bin\reportgenerator.properties
2023-09-04 18:22:58,660 INFO o.a.j.r.d.ReportGenerator: Merging with JMeter properties
2023-09-04 18:22:58,675 INFO o.a.j.r.c.ReportGeneratorConfiguration: Property 'jmeter.reportgenerator.temp_dir' not found, using default value 'temp' instead.
2023-09-04 18:22:58,675 INFO o.a.j.r.c.ReportGeneratorConfiguration: Property 'jmeter.reportgenerator.apdex_per_transaction' not found, using default value 'null' instead.
2023-09-04 18:22:58,680 INFO o.a.j.r.c.ReportGeneratorConfiguration: apdex_per_transaction is empty, not APDEX per transaction customization
2023-09-04 18:22:58,680 INFO o.a.j.r.c.ReportGeneratorConfiguration: Property 'jmeter.reportgenerator.sample_filter' not found, using default value 'null' instead.
2023-09-04 18:22:58,680 INFO o.a.j.r.c.ReportGeneratorConfiguration: Property 'jmeter.reportgenerator.report_title' not found, using default value 'null' instead.
2023-09-04 18:22:58,680 INFO o.a.j.r.c.ReportGeneratorConfiguration: Property 'jmeter.reportgenerator.start_date' not found, using default value 'null' instead.
2023-09-04 18:22:58,680 INFO o.a.j.r.c.ReportGeneratorConfiguration: Property 'jmeter.reportgenerator.end_date' not found, using default value 'null' instead.
2023-09-04 18:22:58,680 INFO o.a.j.r.c.ReportGeneratorConfiguration: Property 'jmeter.reportgenerator.date_format' not found, using default value 'null' instead.
2023-09-04 18:22:58,680 INFO o.a.j.r.c.ReportGeneratorConfiguration: Will use date range start date: null, end date: null
2023-09-04 18:22:58,691 INFO o.a.j.r.c.ReportGeneratorConfiguration: Property 'jmeter.reportgenerator.graph.totalTPS.exclude_controllers' not found, using default value 'false' instead.
2023-09-04 18:22:58,691 INFO o.a.j.r.c.ReportGeneratorConfiguration: Property 'jmeter.reportgenerator.graph.activeThreadsOverTime.exclude_controllers' not found, using default value 'false' instead.
2023-09-04 18:22:58,691 INFO o.a.j.r.c.ReportGeneratorConfiguration: Property 'jmeter.reportgenerator.graph.timeVsThreads.exclude_controllers' not found, using default value 'false' instead.
2023-09-04 18:22:58,691 INFO o.a.j.r.c.ReportGeneratorConfiguration: Property 'jmeter.reportgenerator.graph.responseTimeDistribution.exclude_controllers' not found, using default value 'false' instead.
2023-09-04 18:22:58,691 INFO o.a.j.r.c.ReportGeneratorConfiguration: Property 'jmeter.reportgenerator.graph.transactionsPerSecond.exclude_controllers' not found, using default value 'false' instead.
2023-09-04 18:22:58,691 INFO o.a.j.r.c.ReportGeneratorConfiguration: Property 'jmeter.reportgenerator.graph.responseTimePercentiles.exclude_controllers' not found, using default value 'false' instead.
2023-09-04 18:22:58,691 INFO o.a.j.r.c.ReportGeneratorConfiguration: Property 'jmeter.reportgenerator.graph.responseTimePercentilesOverTime.exclude_controllers' not found, using default value 'false' instead.
2023-09-04 18:22:58,691 INFO o.a.j.r.c.ReportGeneratorConfiguration: Property 'jmeter.reportgenerator.graph.responseTimesOverTime.exclude_controllers' not found, using default value 'false' instead.
2023-09-04 18:22:58,691 INFO o.a.j.r.c.ReportGeneratorConfiguration: Property 'jmeter.reportgenerator.graph.connectTimeOverTime.exclude_controllers' not found, using default value 'false' instead.
2023-09-04 18:22:58,691 INFO o.a.j.r.c.ReportGeneratorConfiguration: Property 'jmeter.reportgenerator.graph.latenciesOverTime.exclude_controllers' not found, using default value 'false' instead.
2023-09-04 18:22:58,691 INFO o.a.j.r.c.ReportGeneratorConfiguration: Property 'jmeter.reportgenerator.exporter.json.filters_only_sample_series' not found, using default value 'true' instead.
2023-09-04 18:22:58,691 INFO o.a.j.r.c.ReportGeneratorConfiguration: Property 'jmeter.reportgenerator.exporter.json.series_filter' not found, using default value '' instead.
2023-09-04 18:22:58,691 INFO o.a.j.r.c.ReportGeneratorConfiguration: Property 'jmeter.reportgenerator.exporter.json.show_controllers_only' not found, using default value 'false' instead.
2023-09-04 18:22:58,691 INFO o.a.j.r.c.ReportGeneratorConfiguration: Property 'jmeter.reportgenerator.exporter.html.filters_only_sample_series' not found, using default value 'true' instead.
2023-09-04 18:22:58,691 INFO o.a.j.r.c.ReportGeneratorConfiguration: Property 'jmeter.reportgenerator.exporter.html.series_filter' not found, using default value '' instead.
2023-09-04 18:22:58,691 INFO o.a.j.r.c.ReportGeneratorConfiguration: Property 'jmeter.reportgenerator.exporter.html.show_controllers_only' not found, using default value 'false' instead.
2023-09-04 18:22:58,864 INFO o.a.j.s.SaveService: Testplan (JMX) version: 2.2. Testlog (JTL) version: 2.2
2023-09-04 18:22:58,896 INFO o.a.j.s.SaveService: Using SaveService properties version 5.0
2023-09-04 18:22:58,896 INFO o.a.j.s.SaveService: Using SaveService properties file encoding UTF-8
2023-09-04 18:22:58,912 WARN o.a.j.s.CSVSaveService: Unknown column name <?xml version="1.0" encoding="UTF-8"?>
2023-09-04 18:22:58,912 WARN o.a.j.r.c.CsvSampleReader: File 'C:\Users\solomonk\Downloads\2023_09_01_AggregateReport1.jtl' does not contain the field names header, ensure the jmeter.save.saveservice.* properties are the same as when the CSV file was created or the file may be read incorrectly when generating report
2023-09-04 18:22:58,912 ERROR o.a.j.JMeter: An error occurred: 
org.apache.jmeter.report.core.SampleException: Could not read sample <0>
	at org.apache.jmeter.report.core.CsvSampleReader.nextSample(CsvSampleReader.java:194) ~[ApacheJMeter_core.jar:5.4.1]
	at org.apache.jmeter.report.core.CsvSampleReader.<init>(CsvSampleReader.java:135) ~[ApacheJMeter_core.jar:5.4.1]
	at org.apache.jmeter.report.core.CsvSampleReader.<init>(CsvSampleReader.java:87) ~[ApacheJMeter_core.jar:5.4.1]
	at org.apache.jmeter.report.processor.CsvFileSampleSource.<init>(CsvFileSampleSource.java:111) ~[ApacheJMeter_core.jar:5.4.1]
	at org.apache.jmeter.report.dashboard.ReportGenerator.generate(ReportGenerator.java:206) ~[ApacheJMeter_core.jar:5.4.1]
	at org.apache.jmeter.JMeter.start(JMeter.java:558) [ApacheJMeter_core.jar:5.4.1]
	at jdk.internal.reflect.NativeMethodAccessorImpl.invoke0(Native Method) ~[?:?]
	at jdk.internal.reflect.NativeMethodAccessorImpl.invoke(NativeMethodAccessorImpl.java:77) ~[?:?]
	at jdk.internal.reflect.DelegatingMethodAccessorImpl.invoke(DelegatingMethodAccessorImpl.java:43) ~[?:?]
	at java.lang.reflect.Method.invoke(Method.java:568) ~[?:?]
	at org.apache.jmeter.NewDriver.main(NewDriver.java:254) [ApacheJMeter.jar:5.4.1]
Caused by: java.io.IOException: Cannot have quote-char in plain field:[<testResults version="]
	at org.apache.jmeter.save.CSVSaveService.csvReadFile(CSVSaveService.java:1016) ~[ApacheJMeter_core.jar:5.4.1]
	at org.apache.jmeter.report.core.CsvSampleReader.nextSample(CsvSampleReader.java:186) ~[ApacheJMeter_core.jar:5.4.1]
	... 10 more
